<?xml version="1.0" encoding="UTF-8"?>
<coverage generated="1433861816">
  <project timestamp="1433861816">
    <package name="ImgMan\Apigility">
      <file name="/home/visa/Project/imgman-apigility/src/ImgManConnectedResourceAbstractFactory.php">
        <class name="ImgManConnectedResourceAbstractFactory" namespace="ImgMan\Apigility">
          <metrics methods="4" coveredmethods="2" conditionals="0" coveredconditionals="0" statements="58" coveredstatements="54" elements="62" coveredelements="56"/>
        </class>
        <line num="49" type="method" name="canCreateServiceWithName" crap="8.23" count="6"/>
        <line num="51" type="stmt" count="6"/>
        <line num="52" type="stmt" count="0"/>
        <line num="53" type="stmt" count="0"/>
        <line num="55" type="stmt" count="6"/>
        <line num="56" type="stmt" count="6"/>
        <line num="57" type="stmt" count="1"/>
        <line num="61" type="stmt" count="5"/>
        <line num="62" type="stmt" count="5"/>
        <line num="63" type="stmt" count="5"/>
        <line num="64" type="stmt" count="5"/>
        <line num="65" type="stmt" count="5"/>
        <line num="66" type="stmt" count="5"/>
        <line num="67" type="stmt" count="5"/>
        <line num="78" type="method" name="createServiceWithName" crap="4.04" count="3"/>
        <line num="80" type="stmt" count="3"/>
        <line num="81" type="stmt" count="0"/>
        <line num="82" type="stmt" count="0"/>
        <line num="84" type="stmt" count="3"/>
        <line num="85" type="stmt" count="3"/>
        <line num="87" type="stmt" count="3"/>
        <line num="88" type="stmt" count="1"/>
        <line num="89" type="stmt" count="1"/>
        <line num="90" type="stmt" count="1"/>
        <line num="91" type="stmt" count="1"/>
        <line num="92" type="stmt" count="1"/>
        <line num="93" type="stmt" count="1"/>
        <line num="96" type="stmt" count="2"/>
        <line num="99" type="stmt" count="1"/>
        <line num="101" type="stmt" count="1"/>
        <line num="111" type="method" name="getResourceClassFromConfig" crap="5" count="2"/>
        <line num="113" type="stmt" count="2"/>
        <line num="114" type="stmt" count="2"/>
        <line num="115" type="stmt" count="2"/>
        <line num="116" type="stmt" count="1"/>
        <line num="117" type="stmt" count="1"/>
        <line num="118" type="stmt" count="1"/>
        <line num="119" type="stmt" count="2"/>
        <line num="120" type="stmt" count="1"/>
        <line num="121" type="stmt" count="1"/>
        <line num="123" type="stmt" count="1"/>
        <line num="124" type="stmt" count="1"/>
        <line num="125" type="stmt" count="1"/>
        <line num="126" type="stmt" count="1"/>
        <line num="127" type="stmt" count="1"/>
        <line num="128" type="stmt" count="1"/>
        <line num="130" type="stmt" count="1"/>
        <line num="140" type="method" name="getConfig" crap="6" count="6"/>
        <line num="142" type="stmt" count="6"/>
        <line num="143" type="stmt" count="3"/>
        <line num="146" type="stmt" count="6"/>
        <line num="147" type="stmt" count="1"/>
        <line num="148" type="stmt" count="1"/>
        <line num="151" type="stmt" count="6"/>
        <line num="152" type="stmt" count="6"/>
        <line num="153" type="stmt" count="6"/>
        <line num="154" type="stmt" count="5"/>
        <line num="155" type="stmt" count="6"/>
        <line num="156" type="stmt" count="1"/>
        <line num="157" type="stmt" count="1"/>
        <line num="160" type="stmt" count="5"/>
        <line num="161" type="stmt" count="5"/>
        <metrics loc="163" ncloc="114" classes="1" methods="4" coveredmethods="2" conditionals="0" coveredconditionals="0" statements="58" coveredstatements="54" elements="62" coveredelements="56"/>
      </file>
    </package>
    <package name="ImgMan\Apigility\Model">
      <file name="/home/visa/Project/imgman-apigility/src/Model/ImgManConnectedResource.php">
        <class name="ImgManConnectedResource" namespace="ImgMan\Apigility\Model">
          <metrics methods="6" coveredmethods="3" conditionals="0" coveredconditionals="0" statements="35" coveredstatements="27" elements="41" coveredelements="30"/>
        </class>
        <line num="20" type="method" name="__construct" crap="1" count="6"/>
        <line num="22" type="stmt" count="6"/>
        <line num="23" type="stmt" count="6"/>
        <line num="26" type="method" name="getResource" crap="3.33" count="1"/>
        <line num="28" type="stmt" count="1"/>
        <line num="29" type="stmt" count="0"/>
        <line num="32" type="stmt" count="1"/>
        <line num="42" type="method" name="fetch" crap="4.12" count="1"/>
        <line num="44" type="stmt" count="1"/>
        <line num="45" type="stmt" count="1"/>
        <line num="46" type="stmt" count="0"/>
        <line num="47" type="stmt" count="1"/>
        <line num="49" type="stmt" count="1"/>
        <line num="51" type="stmt" count="1"/>
        <line num="52" type="stmt" count="0"/>
        <line num="56" type="stmt" count="0"/>
        <line num="57" type="stmt" count="0"/>
        <line num="58" type="stmt" count="0"/>
        <line num="59" type="stmt" count="0"/>
        <line num="62" type="stmt" count="1"/>
        <line num="70" type="method" name="update" crap="2" count="2"/>
        <line num="72" type="stmt" count="2"/>
        <line num="73" type="stmt" count="2"/>
        <line num="74" type="stmt" count="1"/>
        <line num="76" type="stmt" count="1"/>
        <line num="83" type="method" name="searchBlob" crap="3" count="2"/>
        <line num="85" type="stmt" count="2"/>
        <line num="87" type="stmt" count="2"/>
        <line num="88" type="stmt" count="2"/>
        <line num="89" type="stmt" count="2"/>
        <line num="91" type="stmt" count="1"/>
        <line num="92" type="stmt" count="1"/>
        <line num="93" type="stmt" count="1"/>
        <line num="94" type="stmt" count="1"/>
        <line num="96" type="stmt" count="2"/>
        <line num="98" type="stmt" count="1"/>
        <line num="110" type="method" name="retrieveData" crap="2.06" count="2"/>
        <line num="112" type="stmt" count="2"/>
        <line num="113" type="stmt" count="2"/>
        <line num="114" type="stmt" count="0"/>
        <line num="116" type="stmt" count="2"/>
        <metrics loc="118" ncloc="89" classes="1" methods="6" coveredmethods="3" conditionals="0" coveredconditionals="0" statements="35" coveredstatements="27" elements="41" coveredelements="30"/>
      </file>
    </package>
    <metrics files="2" loc="281" ncloc="203" classes="2" methods="10" coveredmethods="5" conditionals="0" coveredconditionals="0" statements="93" coveredstatements="81" elements="103" coveredelements="86"/>
  </project>
</coverage>
